
**** Build of configuration Debug for project SD_Card ****

"C:\\ti\\ccs1011\\ccs\\utils\\bin\\gmake" -k -j 8 all -O 
 
Building file: "../startup_msp432p401r_ccs.c"
Invoking: MSP432 Compiler
"C:/ti/ccs1011/ccs/tools/compiler/ti-cgt-arm_20.2.1.LTS/bin/armcl" -mv7M4 --code_state=16 --float_support=FPv4SPD16 -me --include_path="C:/ti/ccs1011/ccs/ccs_base/arm/include" --include_path="C:/ti/simplelink_msp432p4_sdk_3_40_01_02/source/third_party/CMSIS/Include" --include_path="C:/ti/simplelink_msp432p4_sdk_3_40_01_02/source" --include_path="C:/ti/simplelink_msp432_sdk_1_40_01_00/source" --include_path="C:/ti/ccs1011/ccs/ccs_base/arm/include/CMSIS" --include_path="C:/Users/ATN/Downloads/MSP432-SD_Card-master" --include_path="C:/ti/ccs1011/ccs/tools/compiler/ti-cgt-arm_20.2.1.LTS/include" --advice:power=all --define=__MSP432P401R__ --define=ccs -g --gcc --diag_warning=225 --diag_wrap=off --display_error_number --abi=eabi --preproc_with_compile --preproc_dependency="startup_msp432p401r_ccs.d_raw"  "../startup_msp432p401r_ccs.c"
Finished building: "../startup_msp432p401r_ccs.c"
 
Building file: "../main.c"
Invoking: MSP432 Compiler
"C:/ti/ccs1011/ccs/tools/compiler/ti-cgt-arm_20.2.1.LTS/bin/armcl" -mv7M4 --code_state=16 --float_support=FPv4SPD16 -me --include_path="C:/ti/ccs1011/ccs/ccs_base/arm/include" --include_path="C:/ti/simplelink_msp432p4_sdk_3_40_01_02/source/third_party/CMSIS/Include" --include_path="C:/ti/simplelink_msp432p4_sdk_3_40_01_02/source" --include_path="C:/ti/simplelink_msp432_sdk_1_40_01_00/source" --include_path="C:/ti/ccs1011/ccs/ccs_base/arm/include/CMSIS" --include_path="C:/Users/ATN/Downloads/MSP432-SD_Card-master" --include_path="C:/ti/ccs1011/ccs/tools/compiler/ti-cgt-arm_20.2.1.LTS/include" --advice:power=all --define=__MSP432P401R__ --define=ccs -g --gcc --diag_warning=225 --diag_wrap=off --display_error_number --abi=eabi --preproc_with_compile --preproc_dependency="main.d_raw"  "../main.c"
"../main.c", line 88: remark #1527-D: (ULP 2.1) Detected SW delay loop using empty loop. Recommend using a timer module instead
"../main.c", line 97: remark #1527-D: (ULP 2.1) Detected SW delay loop using empty loop. Recommend using a timer module instead
"../main.c", line 109: remark #1527-D: (ULP 2.1) Detected SW delay loop using empty loop. Recommend using a timer module instead
"../main.c", line 123: remark #1527-D: (ULP 2.1) Detected SW delay loop using empty loop. Recommend using a timer module instead
Finished building: "../main.c"
 
Building file: "../system_msp432p401r.c"
Invoking: MSP432 Compiler
"C:/ti/ccs1011/ccs/tools/compiler/ti-cgt-arm_20.2.1.LTS/bin/armcl" -mv7M4 --code_state=16 --float_support=FPv4SPD16 -me --include_path="C:/ti/ccs1011/ccs/ccs_base/arm/include" --include_path="C:/ti/simplelink_msp432p4_sdk_3_40_01_02/source/third_party/CMSIS/Include" --include_path="C:/ti/simplelink_msp432p4_sdk_3_40_01_02/source" --include_path="C:/ti/simplelink_msp432_sdk_1_40_01_00/source" --include_path="C:/ti/ccs1011/ccs/ccs_base/arm/include/CMSIS" --include_path="C:/Users/ATN/Downloads/MSP432-SD_Card-master" --include_path="C:/ti/ccs1011/ccs/tools/compiler/ti-cgt-arm_20.2.1.LTS/include" --advice:power=all --define=__MSP432P401R__ --define=ccs -g --gcc --diag_warning=225 --diag_wrap=off --display_error_number --abi=eabi --preproc_with_compile --preproc_dependency="system_msp432p401r.d_raw"  "../system_msp432p401r.c"
"../system_msp432p401r.c", line 112: remark #2624-D: (ULP 5.4) Detected an assignment to a type with size less than int. To avoid unnecessary sign extension, use int-sized types for local varaibles and convert to smaller types for static storage.
"../system_msp432p401r.c", line 160: remark #2624-D: (ULP 5.4) Detected an assignment to a type with size less than int. To avoid unnecessary sign extension, use int-sized types for local varaibles and convert to smaller types for static storage.
"../system_msp432p401r.c", line 193: remark #2624-D: (ULP 5.4) Detected an assignment to a type with size less than int. To avoid unnecessary sign extension, use int-sized types for local varaibles and convert to smaller types for static storage.
Finished building: "../system_msp432p401r.c"
 
Building file: "../Hardware/CS_Driver.c"
Invoking: MSP432 Compiler
"C:/ti/ccs1011/ccs/tools/compiler/ti-cgt-arm_20.2.1.LTS/bin/armcl" -mv7M4 --code_state=16 --float_support=FPv4SPD16 -me --include_path="C:/ti/ccs1011/ccs/ccs_base/arm/include" --include_path="C:/ti/simplelink_msp432p4_sdk_3_40_01_02/source/third_party/CMSIS/Include" --include_path="C:/ti/simplelink_msp432p4_sdk_3_40_01_02/source" --include_path="C:/ti/simplelink_msp432_sdk_1_40_01_00/source" --include_path="C:/ti/ccs1011/ccs/ccs_base/arm/include/CMSIS" --include_path="C:/Users/ATN/Downloads/MSP432-SD_Card-master" --include_path="C:/ti/ccs1011/ccs/tools/compiler/ti-cgt-arm_20.2.1.LTS/include" --advice:power=all --define=__MSP432P401R__ --define=ccs -g --gcc --diag_warning=225 --diag_wrap=off --display_error_number --abi=eabi --preproc_with_compile --preproc_dependency="Hardware/CS_Driver.d_raw" --obj_directory="Hardware"  "../Hardware/CS_Driver.c"
Finished building: "../Hardware/CS_Driver.c"
 
Building file: "../Devices/MSPIO.c"
Invoking: MSP432 Compiler
"C:/ti/ccs1011/ccs/tools/compiler/ti-cgt-arm_20.2.1.LTS/bin/armcl" -mv7M4 --code_state=16 --float_support=FPv4SPD16 -me --include_path="C:/ti/ccs1011/ccs/ccs_base/arm/include" --include_path="C:/ti/simplelink_msp432p4_sdk_3_40_01_02/source/third_party/CMSIS/Include" --include_path="C:/ti/simplelink_msp432p4_sdk_3_40_01_02/source" --include_path="C:/ti/simplelink_msp432_sdk_1_40_01_00/source" --include_path="C:/ti/ccs1011/ccs/ccs_base/arm/include/CMSIS" --include_path="C:/Users/ATN/Downloads/MSP432-SD_Card-master" --include_path="C:/ti/ccs1011/ccs/tools/compiler/ti-cgt-arm_20.2.1.LTS/include" --advice:power=all --define=__MSP432P401R__ --define=ccs -g --gcc --diag_warning=225 --diag_wrap=off --display_error_number --abi=eabi --preproc_with_compile --preproc_dependency="Devices/MSPIO.d_raw" --obj_directory="Devices"  "../Devices/MSPIO.c"
"../Devices/MSPIO.c", line 6: remark #2624-D: (ULP 5.4) Detected an assignment to a type with size less than int. To avoid unnecessary sign extension, use int-sized types for local varaibles and convert to smaller types for static storage.
"../Devices/MSPIO.c", line 38: remark #2624-D: (ULP 5.4) Detected an assignment to a type with size less than int. To avoid unnecessary sign extension, use int-sized types for local varaibles and convert to smaller types for static storage.
"../Devices/MSPIO.c", line 45: remark #2624-D: (ULP 5.4) Detected an assignment to a type with size less than int. To avoid unnecessary sign extension, use int-sized types for local varaibles and convert to smaller types for static storage.
"../Devices/MSPIO.c", line 107: remark #2624-D: (ULP 5.4) Detected an assignment to a type with size less than int. To avoid unnecessary sign extension, use int-sized types for local varaibles and convert to smaller types for static storage.
Finished building: "../Devices/MSPIO.c"
 
Building file: "../Hardware/GPIO_Driver.c"
Invoking: MSP432 Compiler
"C:/ti/ccs1011/ccs/tools/compiler/ti-cgt-arm_20.2.1.LTS/bin/armcl" -mv7M4 --code_state=16 --float_support=FPv4SPD16 -me --include_path="C:/ti/ccs1011/ccs/ccs_base/arm/include" --include_path="C:/ti/simplelink_msp432p4_sdk_3_40_01_02/source/third_party/CMSIS/Include" --include_path="C:/ti/simplelink_msp432p4_sdk_3_40_01_02/source" --include_path="C:/ti/simplelink_msp432_sdk_1_40_01_00/source" --include_path="C:/ti/ccs1011/ccs/ccs_base/arm/include/CMSIS" --include_path="C:/Users/ATN/Downloads/MSP432-SD_Card-master" --include_path="C:/ti/ccs1011/ccs/tools/compiler/ti-cgt-arm_20.2.1.LTS/include" --advice:power=all --define=__MSP432P401R__ --define=ccs -g --gcc --diag_warning=225 --diag_wrap=off --display_error_number --abi=eabi --preproc_with_compile --preproc_dependency="Hardware/GPIO_Driver.d_raw" --obj_directory="Hardware"  "../Hardware/GPIO_Driver.c"
Finished building: "../Hardware/GPIO_Driver.c"
 
Building file: "../Hardware/SPI_Driver.c"
Invoking: MSP432 Compiler
"C:/ti/ccs1011/ccs/tools/compiler/ti-cgt-arm_20.2.1.LTS/bin/armcl" -mv7M4 --code_state=16 --float_support=FPv4SPD16 -me --include_path="C:/ti/ccs1011/ccs/ccs_base/arm/include" --include_path="C:/ti/simplelink_msp432p4_sdk_3_40_01_02/source/third_party/CMSIS/Include" --include_path="C:/ti/simplelink_msp432p4_sdk_3_40_01_02/source" --include_path="C:/ti/simplelink_msp432_sdk_1_40_01_00/source" --include_path="C:/ti/ccs1011/ccs/ccs_base/arm/include/CMSIS" --include_path="C:/Users/ATN/Downloads/MSP432-SD_Card-master" --include_path="C:/ti/ccs1011/ccs/tools/compiler/ti-cgt-arm_20.2.1.LTS/include" --advice:power=all --define=__MSP432P401R__ --define=ccs -g --gcc --diag_warning=225 --diag_wrap=off --display_error_number --abi=eabi --preproc_with_compile --preproc_dependency="Hardware/SPI_Driver.d_raw" --obj_directory="Hardware"  "../Hardware/SPI_Driver.c"
Finished building: "../Hardware/SPI_Driver.c"
 
Building file: "../Hardware/TIMERA_Driver.c"
Invoking: MSP432 Compiler
"C:/ti/ccs1011/ccs/tools/compiler/ti-cgt-arm_20.2.1.LTS/bin/armcl" -mv7M4 --code_state=16 --float_support=FPv4SPD16 -me --include_path="C:/ti/ccs1011/ccs/ccs_base/arm/include" --include_path="C:/ti/simplelink_msp432p4_sdk_3_40_01_02/source/third_party/CMSIS/Include" --include_path="C:/ti/simplelink_msp432p4_sdk_3_40_01_02/source" --include_path="C:/ti/simplelink_msp432_sdk_1_40_01_00/source" --include_path="C:/ti/ccs1011/ccs/ccs_base/arm/include/CMSIS" --include_path="C:/Users/ATN/Downloads/MSP432-SD_Card-master" --include_path="C:/ti/ccs1011/ccs/tools/compiler/ti-cgt-arm_20.2.1.LTS/include" --advice:power=all --define=__MSP432P401R__ --define=ccs -g --gcc --diag_warning=225 --diag_wrap=off --display_error_number --abi=eabi --preproc_with_compile --preproc_dependency="Hardware/TIMERA_Driver.d_raw" --obj_directory="Hardware"  "../Hardware/TIMERA_Driver.c"
Finished building: "../Hardware/TIMERA_Driver.c"
 
Building file: "../Hardware/UART_Driver.c"
Invoking: MSP432 Compiler
"C:/ti/ccs1011/ccs/tools/compiler/ti-cgt-arm_20.2.1.LTS/bin/armcl" -mv7M4 --code_state=16 --float_support=FPv4SPD16 -me --include_path="C:/ti/ccs1011/ccs/ccs_base/arm/include" --include_path="C:/ti/simplelink_msp432p4_sdk_3_40_01_02/source/third_party/CMSIS/Include" --include_path="C:/ti/simplelink_msp432p4_sdk_3_40_01_02/source" --include_path="C:/ti/simplelink_msp432_sdk_1_40_01_00/source" --include_path="C:/ti/ccs1011/ccs/ccs_base/arm/include/CMSIS" --include_path="C:/Users/ATN/Downloads/MSP432-SD_Card-master" --include_path="C:/ti/ccs1011/ccs/tools/compiler/ti-cgt-arm_20.2.1.LTS/include" --advice:power=all --define=__MSP432P401R__ --define=ccs -g --gcc --diag_warning=225 --diag_wrap=off --display_error_number --abi=eabi --preproc_with_compile --preproc_dependency="Hardware/UART_Driver.d_raw" --obj_directory="Hardware"  "../Hardware/UART_Driver.c"
"../Hardware/UART_Driver.c", line 65: remark #1543-D: (ULP 12.2) Detected for loop with repetitive data transfer. Recommend using DMA
"../Hardware/UART_Driver.c", line 82: remark #1543-D: (ULP 12.2) Detected for loop with repetitive data transfer. Recommend using DMA
Finished building: "../Hardware/UART_Driver.c"
 
Building file: "../fatfs/ffsystem.c"
Invoking: MSP432 Compiler
"C:/ti/ccs1011/ccs/tools/compiler/ti-cgt-arm_20.2.1.LTS/bin/armcl" -mv7M4 --code_state=16 --float_support=FPv4SPD16 -me --include_path="C:/ti/ccs1011/ccs/ccs_base/arm/include" --include_path="C:/ti/simplelink_msp432p4_sdk_3_40_01_02/source/third_party/CMSIS/Include" --include_path="C:/ti/simplelink_msp432p4_sdk_3_40_01_02/source" --include_path="C:/ti/simplelink_msp432_sdk_1_40_01_00/source" --include_path="C:/ti/ccs1011/ccs/ccs_base/arm/include/CMSIS" --include_path="C:/Users/ATN/Downloads/MSP432-SD_Card-master" --include_path="C:/ti/ccs1011/ccs/tools/compiler/ti-cgt-arm_20.2.1.LTS/include" --advice:power=all --define=__MSP432P401R__ --define=ccs -g --gcc --diag_warning=225 --diag_wrap=off --display_error_number --abi=eabi --preproc_with_compile --preproc_dependency="fatfs/ffsystem.d_raw" --obj_directory="fatfs"  "../fatfs/ffsystem.c"
"../fatfs/ffsystem.c", line 44: warning #9-D: nested comment is not allowed
Finished building: "../fatfs/ffsystem.c"
 
Building file: "../fatfs/ffunicode.c"
Invoking: MSP432 Compiler
"C:/ti/ccs1011/ccs/tools/compiler/ti-cgt-arm_20.2.1.LTS/bin/armcl" -mv7M4 --code_state=16 --float_support=FPv4SPD16 -me --include_path="C:/ti/ccs1011/ccs/ccs_base/arm/include" --include_path="C:/ti/simplelink_msp432p4_sdk_3_40_01_02/source/third_party/CMSIS/Include" --include_path="C:/ti/simplelink_msp432p4_sdk_3_40_01_02/source" --include_path="C:/ti/simplelink_msp432_sdk_1_40_01_00/source" --include_path="C:/ti/ccs1011/ccs/ccs_base/arm/include/CMSIS" --include_path="C:/Users/ATN/Downloads/MSP432-SD_Card-master" --include_path="C:/ti/ccs1011/ccs/tools/compiler/ti-cgt-arm_20.2.1.LTS/include" --advice:power=all --define=__MSP432P401R__ --define=ccs -g --gcc --diag_warning=225 --diag_wrap=off --display_error_number --abi=eabi --preproc_with_compile --preproc_dependency="fatfs/ffunicode.d_raw" --obj_directory="fatfs"  "../fatfs/ffunicode.c"
Finished building: "../fatfs/ffunicode.c"
 
Building file: "../fatfs/diskio.c"
Invoking: MSP432 Compiler
"C:/ti/ccs1011/ccs/tools/compiler/ti-cgt-arm_20.2.1.LTS/bin/armcl" -mv7M4 --code_state=16 --float_support=FPv4SPD16 -me --include_path="C:/ti/ccs1011/ccs/ccs_base/arm/include" --include_path="C:/ti/simplelink_msp432p4_sdk_3_40_01_02/source/third_party/CMSIS/Include" --include_path="C:/ti/simplelink_msp432p4_sdk_3_40_01_02/source" --include_path="C:/ti/simplelink_msp432_sdk_1_40_01_00/source" --include_path="C:/ti/ccs1011/ccs/ccs_base/arm/include/CMSIS" --include_path="C:/Users/ATN/Downloads/MSP432-SD_Card-master" --include_path="C:/ti/ccs1011/ccs/tools/compiler/ti-cgt-arm_20.2.1.LTS/include" --advice:power=all --define=__MSP432P401R__ --define=ccs -g --gcc --diag_warning=225 --diag_wrap=off --display_error_number --abi=eabi --preproc_with_compile --preproc_dependency="fatfs/diskio.d_raw" --obj_directory="fatfs"  "../fatfs/diskio.c"
Finished building: "../fatfs/diskio.c"
 
Building file: "../fatfs/mmc_MSP432P401r.c"
Invoking: MSP432 Compiler
"C:/ti/ccs1011/ccs/tools/compiler/ti-cgt-arm_20.2.1.LTS/bin/armcl" -mv7M4 --code_state=16 --float_support=FPv4SPD16 -me --include_path="C:/ti/ccs1011/ccs/ccs_base/arm/include" --include_path="C:/ti/simplelink_msp432p4_sdk_3_40_01_02/source/third_party/CMSIS/Include" --include_path="C:/ti/simplelink_msp432p4_sdk_3_40_01_02/source" --include_path="C:/ti/simplelink_msp432_sdk_1_40_01_00/source" --include_path="C:/ti/ccs1011/ccs/ccs_base/arm/include/CMSIS" --include_path="C:/Users/ATN/Downloads/MSP432-SD_Card-master" --include_path="C:/ti/ccs1011/ccs/tools/compiler/ti-cgt-arm_20.2.1.LTS/include" --advice:power=all --define=__MSP432P401R__ --define=ccs -g --gcc --diag_warning=225 --diag_wrap=off --display_error_number --abi=eabi --preproc_with_compile --preproc_dependency="fatfs/mmc_MSP432P401r.d_raw" --obj_directory="fatfs"  "../fatfs/mmc_MSP432P401r.c"
"../fatfs/mmc_MSP432P401r.c", line 36: remark #2624-D: (ULP 5.4) Detected an assignment to a type with size less than int. To avoid unnecessary sign extension, use int-sized types for local varaibles and convert to smaller types for static storage.
"../fatfs/mmc_MSP432P401r.c", line 138: remark #2624-D: (ULP 5.4) Detected an assignment to a type with size less than int. To avoid unnecessary sign extension, use int-sized types for local varaibles and convert to smaller types for static storage.
"../fatfs/mmc_MSP432P401r.c", line 171: remark #2624-D: (ULP 5.4) Detected an assignment to a type with size less than int. To avoid unnecessary sign extension, use int-sized types for local varaibles and convert to smaller types for static storage.
"../fatfs/mmc_MSP432P401r.c", line 194: remark #2624-D: (ULP 5.4) Detected an assignment to a type with size less than int. To avoid unnecessary sign extension, use int-sized types for local varaibles and convert to smaller types for static storage.
"../fatfs/mmc_MSP432P401r.c", line 219: remark #2624-D: (ULP 5.4) Detected an assignment to a type with size less than int. To avoid unnecessary sign extension, use int-sized types for local varaibles and convert to smaller types for static storage.
"../fatfs/mmc_MSP432P401r.c", line 225: remark #2624-D: (ULP 5.4) Detected an assignment to a type with size less than int. To avoid unnecessary sign extension, use int-sized types for local varaibles and convert to smaller types for static storage.
"../fatfs/mmc_MSP432P401r.c", line 226: remark #2624-D: (ULP 5.4) Detected an assignment to a type with size less than int. To avoid unnecessary sign extension, use int-sized types for local varaibles and convert to smaller types for static storage.
"../fatfs/mmc_MSP432P401r.c", line 230: remark #2624-D: (ULP 5.4) Detected an assignment to a type with size less than int. To avoid unnecessary sign extension, use int-sized types for local varaibles and convert to smaller types for static storage.
"../fatfs/mmc_MSP432P401r.c", line 362: remark #2624-D: (ULP 5.4) Detected an assignment to a type with size less than int. To avoid unnecessary sign extension, use int-sized types for local varaibles and convert to smaller types for static storage.
"../fatfs/mmc_MSP432P401r.c", line 365: remark #2624-D: (ULP 5.4) Detected an assignment to a type with size less than int. To avoid unnecessary sign extension, use int-sized types for local varaibles and convert to smaller types for static storage.
"../fatfs/mmc_MSP432P401r.c", line 366: remark #2624-D: (ULP 5.4) Detected an assignment to a type with size less than int. To avoid unnecessary sign extension, use int-sized types for local varaibles and convert to smaller types for static storage.
"../fatfs/mmc_MSP432P401r.c", line 397: remark #2624-D: (ULP 5.4) Detected an assignment to a type with size less than int. To avoid unnecessary sign extension, use int-sized types for local varaibles and convert to smaller types for static storage.
"../fatfs/mmc_MSP432P401r.c", line 421: remark #2624-D: (ULP 5.4) Detected an assignment to a type with size less than int. To avoid unnecessary sign extension, use int-sized types for local varaibles and convert to smaller types for static storage.
"../fatfs/mmc_MSP432P401r.c", line 422: remark #2624-D: (ULP 5.4) Detected an assignment to a type with size less than int. To avoid unnecessary sign extension, use int-sized types for local varaibles and convert to smaller types for static storage.
"../fatfs/mmc_MSP432P401r.c", line 423: remark #2624-D: (ULP 5.4) Detected an assignment to a type with size less than int. To avoid unnecessary sign extension, use int-sized types for local varaibles and convert to smaller types for static storage.
"../fatfs/mmc_MSP432P401r.c", line 424: remark #2624-D: (ULP 5.4) Detected an assignment to a type with size less than int. To avoid unnecessary sign extension, use int-sized types for local varaibles and convert to smaller types for static storage.
Finished building: "../fatfs/mmc_MSP432P401r.c"
 
Building file: "../fatfs/ff.c"
Invoking: MSP432 Compiler
"C:/ti/ccs1011/ccs/tools/compiler/ti-cgt-arm_20.2.1.LTS/bin/armcl" -mv7M4 --code_state=16 --float_support=FPv4SPD16 -me --include_path="C:/ti/ccs1011/ccs/ccs_base/arm/include" --include_path="C:/ti/simplelink_msp432p4_sdk_3_40_01_02/source/third_party/CMSIS/Include" --include_path="C:/ti/simplelink_msp432p4_sdk_3_40_01_02/source" --include_path="C:/ti/simplelink_msp432_sdk_1_40_01_00/source" --include_path="C:/ti/ccs1011/ccs/ccs_base/arm/include/CMSIS" --include_path="C:/Users/ATN/Downloads/MSP432-SD_Card-master" --include_path="C:/ti/ccs1011/ccs/tools/compiler/ti-cgt-arm_20.2.1.LTS/include" --advice:power=all --define=__MSP432P401R__ --define=ccs -g --gcc --diag_warning=225 --diag_wrap=off --display_error_number --abi=eabi --preproc_with_compile --preproc_dependency="fatfs/ff.d_raw" --obj_directory="fatfs"  "../fatfs/ff.c"
"../fatfs/ff.c", line 552: remark #2624-D: (ULP 5.4) Detected an assignment to a type with size less than int. To avoid unnecessary sign extension, use int-sized types for local varaibles and convert to smaller types for static storage.
"../fatfs/ff.c", line 553: remark #2624-D: (ULP 5.4) Detected an assignment to a type with size less than int. To avoid unnecessary sign extension, use int-sized types for local varaibles and convert to smaller types for static storage.
"../fatfs/ff.c", line 591: remark #2624-D: (ULP 5.4) Detected an assignment to a type with size less than int. To avoid unnecessary sign extension, use int-sized types for local varaibles and convert to smaller types for static storage.
"../fatfs/ff.c", line 1508: remark #1527-D: (ULP 2.1) Detected SW delay loop using empty loop. Recommend using a timer module instead
"../fatfs/ff.c", line 2197: remark #2624-D: (ULP 5.4) Detected an assignment to a type with size less than int. To avoid unnecessary sign extension, use int-sized types for local varaibles and convert to smaller types for static storage.
"../fatfs/ff.c", line 2838: remark #2624-D: (ULP 5.4) Detected an assignment to a type with size less than int. To avoid unnecessary sign extension, use int-sized types for local varaibles and convert to smaller types for static storage.
"../fatfs/ff.c", line 2966: remark #1527-D: (ULP 2.1) Detected SW delay loop using empty loop. Recommend using a timer module instead
"../fatfs/ff.c", line 3067: remark #2624-D: (ULP 5.4) Detected an assignment to a type with size less than int. To avoid unnecessary sign extension, use int-sized types for local varaibles and convert to smaller types for static storage.
"../fatfs/ff.c", line 3107: remark #2624-D: (ULP 5.4) Detected an assignment to a type with size less than int. To avoid unnecessary sign extension, use int-sized types for local varaibles and convert to smaller types for static storage.
"../fatfs/ff.c", line 3376: remark #2624-D: (ULP 5.4) Detected an assignment to a type with size less than int. To avoid unnecessary sign extension, use int-sized types for local varaibles and convert to smaller types for static storage.
"../fatfs/ff.c", line 3403: remark #2624-D: (ULP 5.4) Detected an assignment to a type with size less than int. To avoid unnecessary sign extension, use int-sized types for local varaibles and convert to smaller types for static storage.
"../fatfs/ff.c", line 3465: remark #2624-D: (ULP 5.4) Detected an assignment to a type with size less than int. To avoid unnecessary sign extension, use int-sized types for local varaibles and convert to smaller types for static storage.
"../fatfs/ff.c", line 4803: remark #2624-D: (ULP 5.4) Detected an assignment to a type with size less than int. To avoid unnecessary sign extension, use int-sized types for local varaibles and convert to smaller types for static storage.
"../fatfs/ff.c", line 428: remark #1534-D: (ULP 7.1) Detected use of global variable "Fsid" within one function "find_volume". Recommend placing variable in the function locally
Finished building: "../fatfs/ff.c"
 
Building target: "SD_Card.out"
Invoking: MSP432 Linker
"C:/ti/ccs1011/ccs/tools/compiler/ti-cgt-arm_20.2.1.LTS/bin/armcl" -mv7M4 --code_state=16 --float_support=FPv4SPD16 -me --advice:power=all --define=__MSP432P401R__ --define=ccs -g --gcc --diag_warning=225 --diag_wrap=off --display_error_number --abi=eabi -z -m"SD_Card.map" --heap_size=1024 --stack_size=512 -i"C:/ti/ccs1011/ccs/ccs_base/arm/include" -i"C:/ti/ccs1011/ccs/tools/compiler/ti-cgt-arm_20.2.1.LTS/lib" -i"C:/ti/ccs1011/ccs/tools/compiler/ti-cgt-arm_20.2.1.LTS/include" --reread_libs --diag_wrap=off --display_error_number --warn_sections --xml_link_info="SD_Card_linkInfo.xml" --rom_model -o "SD_Card.out" "./main.obj" "./startup_msp432p401r_ccs.obj" "./system_msp432p401r.obj" "./Devices/MSPIO.obj" "./Hardware/CS_Driver.obj" "./Hardware/GPIO_Driver.obj" "./Hardware/SPI_Driver.obj" "./Hardware/TIMERA_Driver.obj" "./Hardware/UART_Driver.obj" "./fatfs/diskio.obj" "./fatfs/ff.obj" "./fatfs/ffsystem.obj" "./fatfs/ffunicode.obj" "./fatfs/mmc_MSP432P401r.obj" "../msp432p401r.cmd"  -llibc.a -l"C:/ti/simplelink_msp432_sdk_1_30_00_40/source/ti/devices/msp432p4xx/driverlib/ccs/msp432p4xx_driverlib.lib" 
<Linking>
error #10008-D: cannot find file "C:/ti/simplelink_msp432_sdk_1_30_00_40/source/ti/devices/msp432p4xx/driverlib/ccs/msp432p4xx_driverlib.lib"
 
 undefined                      first referenced          
  symbol                            in file               
 ---------                      ----------------          
 CS_setDCOCenteredFrequency     ./Hardware/CS_Driver.obj  
 FlashCtl_setWaitState          ./Hardware/CS_Driver.obj  
 Interrupt_enableMaster         ./main.obj                
 PCM_setCoreVoltageLevel        ./Hardware/CS_Driver.obj  
 SPI_initMaster                 ./Hardware/SPI_Driver.obj 
 UART_getEnabledInterruptStatus ./Hardware/UART_Driver.obj
 UART_initModule                ./Hardware/UART_Driver.obj
 WDT_A_holdTimer                ./main.obj                
remark #10371-D: (ULP 1.1) Detected no uses of low power mode state changing instructions
 
remark #10372-D: (ULP 4.1) Detected uninitialized Port 1 in this project. Recommend initializing all unused ports to eliminate wasted current consumption on unused pins.
remark #10372-D: (ULP 4.1) Detected uninitialized Port 2 in this project. Recommend initializing all unused ports to eliminate wasted current consumption on unused pins.
remark #10372-D: (ULP 4.1) Detected uninitialized Port 3 in this project. Recommend initializing all unused ports to eliminate wasted current consumption on unused pins.
remark #10372-D: (ULP 4.1) Detected uninitialized Port 4 in this project. Recommend initializing all unused ports to eliminate wasted current consumption on unused pins.
remark #10372-D: (ULP 4.1) Detected uninitialized Port 5 in this project. Recommend initializing all unused ports to eliminate wasted current consumption on unused pins.
remark #10372-D: (ULP 4.1) Detected uninitialized Port 6 in this project. Recommend initializing all unused ports to eliminate wasted current consumption on unused pins.
remark #10372-D: (ULP 4.1) Detected uninitialized Port 7 in this project. Recommend initializing all unused ports to eliminate wasted current consumption on unused pins.
remark #10372-D: (ULP 4.1) Detected uninitialized Port 8 in this project. Recommend initializing all unused ports to eliminate wasted current consumption on unused pins.
remark #10372-D: (ULP 4.1) Detected uninitialized Port 9 in this project. Recommend initializing all unused ports to eliminate wasted current consumption on unused pins.
remark #10372-D: (ULP 4.1) Detected uninitialized Port 10 in this project. Recommend initializing all unused ports to eliminate wasted current consumption on unused pins.
 
>> Compilation failure
makefile:161: recipe for target 'SD_Card.out' failed
error #10234-D: unresolved symbols remain
error #10010: errors encountered during linking; "SD_Card.out" not built
gmake[1]: *** [SD_Card.out] Error 1
makefile:157: recipe for target 'all' failed
gmake: *** [all] Error 2

**** Build Finished ****
