
**** Build of configuration Debug for project timer32_periodic_mode_led_toggle_MSP_EXP432P401R_nortos_ccs ****

"C:\\ti\\ccs1011\\ccs\\utils\\bin\\gmake" -k -j 8 all -O 
 
Building file: "../ccs/startup_msp432p401r_ccs.c"
Invoking: ARM Compiler
"C:/ti/ccs1011/ccs/tools/compiler/ti-cgt-arm_20.2.4.LTS/bin/armcl" -mv7M4 --code_state=16 --float_support=FPv4SPD16 -me --include_path="C:/Users/ATN/Documents/Code Compose Studio workspace/timer32_periodic_mode_led_toggle_MSP_EXP432P401R_nortos_ccs" --include_path="C:/ti/simplelink_msp432p4_sdk_3_40_01_02/source" --include_path="C:/ti/simplelink_msp432p4_sdk_3_40_01_02/source/third_party/CMSIS/Include" --include_path="C:/ti/ccs1011/ccs/tools/compiler/ti-cgt-arm_20.2.4.LTS/include" --advice:power=none --define=__MSP432P401R__ --define=DeviceFamily_MSP432P401x -g --diag_warning=225 --diag_warning=255 --diag_wrap=off --display_error_number --gen_func_subsections=on --preproc_with_compile --preproc_dependency="ccs/startup_msp432p401r_ccs.d_raw" --obj_directory="ccs"  "../ccs/startup_msp432p401r_ccs.c"
Finished building: "../ccs/startup_msp432p401r_ccs.c"
 
Building file: "../system_msp432p401r.c"
Invoking: ARM Compiler
"C:/ti/ccs1011/ccs/tools/compiler/ti-cgt-arm_20.2.4.LTS/bin/armcl" -mv7M4 --code_state=16 --float_support=FPv4SPD16 -me --include_path="C:/Users/ATN/Documents/Code Compose Studio workspace/timer32_periodic_mode_led_toggle_MSP_EXP432P401R_nortos_ccs" --include_path="C:/ti/simplelink_msp432p4_sdk_3_40_01_02/source" --include_path="C:/ti/simplelink_msp432p4_sdk_3_40_01_02/source/third_party/CMSIS/Include" --include_path="C:/ti/ccs1011/ccs/tools/compiler/ti-cgt-arm_20.2.4.LTS/include" --advice:power=none --define=__MSP432P401R__ --define=DeviceFamily_MSP432P401x -g --diag_warning=225 --diag_warning=255 --diag_wrap=off --display_error_number --gen_func_subsections=on --preproc_with_compile --preproc_dependency="system_msp432p401r.d_raw"  "../system_msp432p401r.c"
Finished building: "../system_msp432p401r.c"
 
Building file: "../timer32_periodic_mode_led_toggle.c"
Invoking: ARM Compiler
"C:/ti/ccs1011/ccs/tools/compiler/ti-cgt-arm_20.2.4.LTS/bin/armcl" -mv7M4 --code_state=16 --float_support=FPv4SPD16 -me --include_path="C:/Users/ATN/Documents/Code Compose Studio workspace/timer32_periodic_mode_led_toggle_MSP_EXP432P401R_nortos_ccs" --include_path="C:/ti/simplelink_msp432p4_sdk_3_40_01_02/source" --include_path="C:/ti/simplelink_msp432p4_sdk_3_40_01_02/source/third_party/CMSIS/Include" --include_path="C:/ti/ccs1011/ccs/tools/compiler/ti-cgt-arm_20.2.4.LTS/include" --advice:power=none --define=__MSP432P401R__ --define=DeviceFamily_MSP432P401x -g --diag_warning=225 --diag_warning=255 --diag_wrap=off --display_error_number --gen_func_subsections=on --preproc_with_compile --preproc_dependency="timer32_periodic_mode_led_toggle.d_raw"  "../timer32_periodic_mode_led_toggle.c"
Finished building: "../timer32_periodic_mode_led_toggle.c"
 
Building target: "timer32_periodic_mode_led_toggle_MSP_EXP432P401R_nortos_ccs.out"
Invoking: ARM Linker
"C:/ti/ccs1011/ccs/tools/compiler/ti-cgt-arm_20.2.4.LTS/bin/armcl" -mv7M4 --code_state=16 --float_support=FPv4SPD16 -me --advice:power=none --define=__MSP432P401R__ --define=DeviceFamily_MSP432P401x -g --diag_warning=225 --diag_warning=255 --diag_wrap=off --display_error_number --gen_func_subsections=on -z -m"timer32_periodic_mode_led_toggle_MSP_EXP432P401R_nortos_ccs.map" --stack_size=512 -i"C:/ti/simplelink_msp432p4_sdk_3_40_01_02/source" -i"C:/ti/ccs1011/ccs/tools/compiler/ti-cgt-arm_20.2.4.LTS/lib" --diag_wrap=off --display_error_number --warn_sections --xml_link_info="timer32_periodic_mode_led_toggle_MSP_EXP432P401R_nortos_ccs_linkInfo.xml" --rom_model -o "timer32_periodic_mode_led_toggle_MSP_EXP432P401R_nortos_ccs.out" "./system_msp432p401r.obj" "./timer32_periodic_mode_led_toggle.obj" "./ccs/startup_msp432p401r_ccs.obj" "../msp432p401r.cmd"  -l"ti/display/lib/display.aem4f" -l"ti/grlib/lib/ccs/m4f/grlib.a" -l"third_party/spiffs/lib/ccs/m4f/spiffs.a" -l"ti/drivers/lib/drivers_msp432p401x.aem4f" -l"third_party/fatfs/lib/ccs/m4f/fatfs.a" -l"ti/devices/msp432p4xx/driverlib/ccs/msp432p4xx_driverlib.lib" -llibc.a 
<Linking>
Finished building target: "timer32_periodic_mode_led_toggle_MSP_EXP432P401R_nortos_ccs.out"
 

**** Build Finished ****
